info it worked if it ends with ok
verbose cli [ 'node', '/usr/local/bin/npm', 'test' ]
info using npm@1.1.0-beta-10
info using node@v0.6.7
verbose config file /Users/twilson63/.npmrc
verbose config file /usr/local/etc/npmrc
verbose config file /usr/local/lib/node_modules/npm/npmrc
verbose caching /Users/twilson63/code/bam/package.json
verbose loadDefaults bam@0.3.0
verbose run-script [ 'pretest', 'test', 'posttest' ]
info pretest bam@0.3.0
info test bam@0.3.0
verbose unsafe-perm in lifecycle true
silly exec sh "-c" "mocha"
silly spawning [ 'sh', [ '-c', 'mocha' ], '/Users/twilson63/code/bam' ]
info bam@0.3.0 Failed to exec test script
ERR! bam@0.3.0 test: `mocha`
ERR! `sh "-c" "mocha"` failed with 1
ERR! 
ERR! Failed at the bam@0.3.0 test script.
ERR! This is most likely a problem with the bam package,
ERR! not with npm itself.
ERR! Tell the author that this fails on your system:
ERR!     mocha
ERR! You can get their info via:
ERR!     npm owner ls bam
ERR! There is likely additional logging output above.
ERR! 
ERR! System Darwin 11.2.0
ERR! command "node" "/usr/local/bin/npm" "test"
ERR! cwd /Users/twilson63/code/bam
ERR! node -v v0.6.7
ERR! npm -v 1.1.0-beta-10
ERR! code ELIFECYCLE
ERR! message bam@0.3.0 test: `mocha`
ERR! message `sh "-c" "mocha"` failed with 1
verbose exit [ 1, true ]
